{"name": "'Your Shopping Cart is empty' shown if no product added", "status": "broken", "statusDetails": {"message": "selenium.common.exceptions.NoSuchElementException: Message: no such element: Unable to locate element: {\"method\":\"css selector\",\"selector\":\"h1.sc-empty-cart-header\"}\n  (Session info: chrome=115.0.5790.110)\nStacktrace:\nBacktrace:\n\tGetHandleVerifier [0x005DA813+48355]\n\t(No symbol) [0x0056C4B1]\n\t(No symbol) [0x00475358]\n\t(No symbol) [0x004A09A5]\n\t(No symbol) [0x004A0B3B]\n\t(No symbol) [0x004CE232]\n\t(No symbol) [0x004BA784]\n\t(No symbol) [0x004CC922]\n\t(No symbol) [0x004BA536]\n\t(No symbol) [0x004982DC]\n\t(No symbol) [0x004993DD]\n\tGetHandleVerifier [0x0083AABD+2539405]\n\tGetHandleVerifier [0x0087A78F+2800735]\n\tGetHandleVerifier [0x0087456C+2775612]\n\tGetHandleVerifier [0x006651E0+616112]\n\t(No symbol) [0x00575F8C]\n\t(No symbol) [0x00572328]\n\t(No symbol) [0x0057240B]\n\t(No symbol) [0x00564FF7]\n\tBaseThreadInitThunk [0x75527D59+25]\n\tRtlInitializeExceptionChain [0x7740B79B+107]\n\tRtlClearBits [0x7740B71F+191]\n\n", "trace": "  File \"E:\\Gurov_SSD_256\\IT\\Testing\\Automation_08_09_2019\\18wheelerschool_06_apr_2023\\venv\\Lib\\site-packages\\behave\\model.py\", line 1329, in run\n    match.run(runner.context)\n  File \"E:\\Gurov_SSD_256\\IT\\Testing\\Automation_08_09_2019\\18wheelerschool_06_apr_2023\\venv\\Lib\\site-packages\\behave\\matchers.py\", line 98, in run\n    self.func(context, *args, **kwargs)\n  File \"features\\steps\\hw7.2_main_page_steps.py\", line 47, in verify_cart_empty\n    context.driver.find_element(*CART_EMPTY )\n  File \"E:\\Gurov_SSD_256\\IT\\Testing\\Automation_08_09_2019\\18wheelerschool_06_apr_2023\\venv\\Lib\\site-packages\\selenium\\webdriver\\remote\\webdriver.py\", line 831, in find_element\n    return self.execute(Command.FIND_ELEMENT, {\"using\": by, \"value\": value})[\"value\"]\n           ^^^^^^^^^^^^^^^^^^^^^^^^^^^^^^^^^^^^^^^^^^^^^^^^^^^^^^^^^^^^^^^^^\n  File \"E:\\Gurov_SSD_256\\IT\\Testing\\Automation_08_09_2019\\18wheelerschool_06_apr_2023\\venv\\Lib\\site-packages\\selenium\\webdriver\\remote\\webdriver.py\", line 440, in execute\n    self.error_handler.check_response(response)\n  File \"E:\\Gurov_SSD_256\\IT\\Testing\\Automation_08_09_2019\\18wheelerschool_06_apr_2023\\venv\\Lib\\site-packages\\selenium\\webdriver\\remote\\errorhandler.py\", line 245, in check_response\n    raise exception_class(message, screen, stacktrace)\n"}, "steps": [{"name": "Given Open Amazon page", "status": "passed", "start": 1690678907484, "stop": 1690678911123}, {"name": "When Click on cart icon", "status": "passed", "start": 1690678911123, "stop": 1690678914621}, {"name": "Then Verify 'Your Shopping Cart is empty.' text present", "status": "broken", "statusDetails": {"message": "selenium.common.exceptions.NoSuchElementException: Message: no such element: Unable to locate element: {\"method\":\"css selector\",\"selector\":\"h1.sc-empty-cart-header\"}\n  (Session info: chrome=115.0.5790.110)\nStacktrace:\nBacktrace:\n\tGetHandleVerifier [0x005DA813+48355]\n\t(No symbol) [0x0056C4B1]\n\t(No symbol) [0x00475358]\n\t(No symbol) [0x004A09A5]\n\t(No symbol) [0x004A0B3B]\n\t(No symbol) [0x004CE232]\n\t(No symbol) [0x004BA784]\n\t(No symbol) [0x004CC922]\n\t(No symbol) [0x004BA536]\n\t(No symbol) [0x004982DC]\n\t(No symbol) [0x004993DD]\n\tGetHandleVerifier [0x0083AABD+2539405]\n\tGetHandleVerifier [0x0087A78F+2800735]\n\tGetHandleVerifier [0x0087456C+2775612]\n\tGetHandleVerifier [0x006651E0+616112]\n\t(No symbol) [0x00575F8C]\n\t(No symbol) [0x00572328]\n\t(No symbol) [0x0057240B]\n\t(No symbol) [0x00564FF7]\n\tBaseThreadInitThunk [0x75527D59+25]\n\tRtlInitializeExceptionChain [0x7740B79B+107]\n\tRtlClearBits [0x7740B71F+191]\n\n", "trace": "  File \"E:\\Gurov_SSD_256\\IT\\Testing\\Automation_08_09_2019\\18wheelerschool_06_apr_2023\\venv\\Lib\\site-packages\\behave\\model.py\", line 1329, in run\n    match.run(runner.context)\n  File \"E:\\Gurov_SSD_256\\IT\\Testing\\Automation_08_09_2019\\18wheelerschool_06_apr_2023\\venv\\Lib\\site-packages\\behave\\matchers.py\", line 98, in run\n    self.func(context, *args, **kwargs)\n  File \"features\\steps\\hw7.2_main_page_steps.py\", line 47, in verify_cart_empty\n    context.driver.find_element(*CART_EMPTY )\n  File \"E:\\Gurov_SSD_256\\IT\\Testing\\Automation_08_09_2019\\18wheelerschool_06_apr_2023\\venv\\Lib\\site-packages\\selenium\\webdriver\\remote\\webdriver.py\", line 831, in find_element\n    return self.execute(Command.FIND_ELEMENT, {\"using\": by, \"value\": value})[\"value\"]\n           ^^^^^^^^^^^^^^^^^^^^^^^^^^^^^^^^^^^^^^^^^^^^^^^^^^^^^^^^^^^^^^^^^\n  File \"E:\\Gurov_SSD_256\\IT\\Testing\\Automation_08_09_2019\\18wheelerschool_06_apr_2023\\venv\\Lib\\site-packages\\selenium\\webdriver\\remote\\webdriver.py\", line 440, in execute\n    self.error_handler.check_response(response)\n  File \"E:\\Gurov_SSD_256\\IT\\Testing\\Automation_08_09_2019\\18wheelerschool_06_apr_2023\\venv\\Lib\\site-packages\\selenium\\webdriver\\remote\\errorhandler.py\", line 245, in check_response\n    raise exception_class(message, screen, stacktrace)\n"}, "start": 1690678914622, "stop": 1690678918672}], "start": 1690678906081, "stop": 1690678920958, "uuid": "7513938c-9ab3-487f-bed2-3919ae30ca69", "historyId": "8caab09ab88d16c7780e9954c95d98e2", "fullName": "Tests for Orders functionality: 'Your Shopping Cart is empty' shown if no product added", "labels": [{"name": "severity", "value": "normal"}, {"name": "feature", "value": "Tests for Orders functionality"}, {"name": "framework", "value": "behave"}, {"name": "language", "value": "cpython3"}]}