{"name": "User can switch the windows and add product the cart", "status": "broken", "statusDetails": {"message": "selenium.common.exceptions.NoSuchElementException: Message: no such element: Unable to locate element: {\"method\":\"xpath\",\"selector\":\"//a[contains(@aria-label, 'deals under $25')]\"}\n  (Session info: chrome=115.0.5790.110)\nStacktrace:\nBacktrace:\n\tGetHandleVerifier [0x005DA813+48355]\n\t(No symbol) [0x0056C4B1]\n\t(No symbol) [0x00475358]\n\t(No symbol) [0x004A09A5]\n\t(No symbol) [0x004A0B3B]\n\t(No symbol) [0x004CE232]\n\t(No symbol) [0x004BA784]\n\t(No symbol) [0x004CC922]\n\t(No symbol) [0x004BA536]\n\t(No symbol) [0x004982DC]\n\t(No symbol) [0x004993DD]\n\tGetHandleVerifier [0x0083AABD+2539405]\n\tGetHandleVerifier [0x0087A78F+2800735]\n\tGetHandleVerifier [0x0087456C+2775612]\n\tGetHandleVerifier [0x006651E0+616112]\n\t(No symbol) [0x00575F8C]\n\t(No symbol) [0x00572328]\n\t(No symbol) [0x0057240B]\n\t(No symbol) [0x00564FF7]\n\tBaseThreadInitThunk [0x75527D59+25]\n\tRtlInitializeExceptionChain [0x7740B79B+107]\n\tRtlClearBits [0x7740B71F+191]\n\n", "trace": "  File \"E:\\Gurov_SSD_256\\IT\\Testing\\Automation_08_09_2019\\18wheelerschool_06_apr_2023\\venv\\Lib\\site-packages\\behave\\model.py\", line 1329, in run\n    match.run(runner.context)\n  File \"E:\\Gurov_SSD_256\\IT\\Testing\\Automation_08_09_2019\\18wheelerschool_06_apr_2023\\venv\\Lib\\site-packages\\behave\\matchers.py\", line 98, in run\n    self.func(context, *args, **kwargs)\n  File \"features\\steps\\hw6.1_today_deal.py\", line 43, in click_open_deals\n    context.driver.find_element(*SEE_ALL_DEALS).click()\n    ^^^^^^^^^^^^^^^^^^^^^^^^^^^^^^^^^^^^^^^^^^^\n  File \"E:\\Gurov_SSD_256\\IT\\Testing\\Automation_08_09_2019\\18wheelerschool_06_apr_2023\\venv\\Lib\\site-packages\\selenium\\webdriver\\remote\\webdriver.py\", line 831, in find_element\n    return self.execute(Command.FIND_ELEMENT, {\"using\": by, \"value\": value})[\"value\"]\n           ^^^^^^^^^^^^^^^^^^^^^^^^^^^^^^^^^^^^^^^^^^^^^^^^^^^^^^^^^^^^^^^^^\n  File \"E:\\Gurov_SSD_256\\IT\\Testing\\Automation_08_09_2019\\18wheelerschool_06_apr_2023\\venv\\Lib\\site-packages\\selenium\\webdriver\\remote\\webdriver.py\", line 440, in execute\n    self.error_handler.check_response(response)\n  File \"E:\\Gurov_SSD_256\\IT\\Testing\\Automation_08_09_2019\\18wheelerschool_06_apr_2023\\venv\\Lib\\site-packages\\selenium\\webdriver\\remote\\errorhandler.py\", line 245, in check_response\n    raise exception_class(message, screen, stacktrace)\n"}, "steps": [{"name": "Given Amazon today deal page", "status": "passed", "start": 1690678752858, "stop": 1690678753572}, {"name": "When Store original windows", "status": "passed", "start": 1690678753572, "stop": 1690678753574}, {"name": "When Click on Open Deals", "status": "broken", "statusDetails": {"message": "selenium.common.exceptions.NoSuchElementException: Message: no such element: Unable to locate element: {\"method\":\"xpath\",\"selector\":\"//a[contains(@aria-label, 'deals under $25')]\"}\n  (Session info: chrome=115.0.5790.110)\nStacktrace:\nBacktrace:\n\tGetHandleVerifier [0x005DA813+48355]\n\t(No symbol) [0x0056C4B1]\n\t(No symbol) [0x00475358]\n\t(No symbol) [0x004A09A5]\n\t(No symbol) [0x004A0B3B]\n\t(No symbol) [0x004CE232]\n\t(No symbol) [0x004BA784]\n\t(No symbol) [0x004CC922]\n\t(No symbol) [0x004BA536]\n\t(No symbol) [0x004982DC]\n\t(No symbol) [0x004993DD]\n\tGetHandleVerifier [0x0083AABD+2539405]\n\tGetHandleVerifier [0x0087A78F+2800735]\n\tGetHandleVerifier [0x0087456C+2775612]\n\tGetHandleVerifier [0x006651E0+616112]\n\t(No symbol) [0x00575F8C]\n\t(No symbol) [0x00572328]\n\t(No symbol) [0x0057240B]\n\t(No symbol) [0x00564FF7]\n\tBaseThreadInitThunk [0x75527D59+25]\n\tRtlInitializeExceptionChain [0x7740B79B+107]\n\tRtlClearBits [0x7740B71F+191]\n\n", "trace": "  File \"E:\\Gurov_SSD_256\\IT\\Testing\\Automation_08_09_2019\\18wheelerschool_06_apr_2023\\venv\\Lib\\site-packages\\behave\\model.py\", line 1329, in run\n    match.run(runner.context)\n  File \"E:\\Gurov_SSD_256\\IT\\Testing\\Automation_08_09_2019\\18wheelerschool_06_apr_2023\\venv\\Lib\\site-packages\\behave\\matchers.py\", line 98, in run\n    self.func(context, *args, **kwargs)\n  File \"features\\steps\\hw6.1_today_deal.py\", line 43, in click_open_deals\n    context.driver.find_element(*SEE_ALL_DEALS).click()\n    ^^^^^^^^^^^^^^^^^^^^^^^^^^^^^^^^^^^^^^^^^^^\n  File \"E:\\Gurov_SSD_256\\IT\\Testing\\Automation_08_09_2019\\18wheelerschool_06_apr_2023\\venv\\Lib\\site-packages\\selenium\\webdriver\\remote\\webdriver.py\", line 831, in find_element\n    return self.execute(Command.FIND_ELEMENT, {\"using\": by, \"value\": value})[\"value\"]\n           ^^^^^^^^^^^^^^^^^^^^^^^^^^^^^^^^^^^^^^^^^^^^^^^^^^^^^^^^^^^^^^^^^\n  File \"E:\\Gurov_SSD_256\\IT\\Testing\\Automation_08_09_2019\\18wheelerschool_06_apr_2023\\venv\\Lib\\site-packages\\selenium\\webdriver\\remote\\webdriver.py\", line 440, in execute\n    self.error_handler.check_response(response)\n  File \"E:\\Gurov_SSD_256\\IT\\Testing\\Automation_08_09_2019\\18wheelerschool_06_apr_2023\\venv\\Lib\\site-packages\\selenium\\webdriver\\remote\\errorhandler.py\", line 245, in check_response\n    raise exception_class(message, screen, stacktrace)\n"}, "start": 1690678753574, "stop": 1690678757594}, {"name": "When Switch to the new openly window", "status": "skipped", "start": 1690678759792, "stop": 1690678759792}, {"name": "When Today's Deals are shown", "status": "skipped", "start": 1690678759792, "stop": 1690678759792}, {"name": "When Add product to cart", "status": "skipped", "start": 1690678759792, "stop": 1690678759792}, {"name": "When User can close new window and switch back to original", "status": "skipped", "start": 1690678759792, "stop": 1690678759792}, {"name": "When Refresh page", "status": "skipped", "start": 1690678759792, "stop": 1690678759792}, {"name": "When Click on cart", "status": "skipped", "start": 1690678759792, "stop": 1690678759792}, {"name": "When Cart has one item in it", "status": "skipped", "start": 1690678759792, "stop": 1690678759792}, {"name": "When Verify there is one item", "status": "skipped", "start": 1690678759792, "stop": 1690678759792}], "start": 1690678751526, "stop": 1690678759792, "uuid": "797e6381-8a67-4329-933f-6cd64097d884", "historyId": "fad4d211f8c37abeaf463c47c07bdec1", "fullName": "Today's deal: User can switch the windows and add product the cart", "labels": [{"name": "severity", "value": "normal"}, {"name": "feature", "value": "Today's deal"}, {"name": "framework", "value": "behave"}, {"name": "language", "value": "cpython3"}]}